<?xml version="1.0" encoding="UTF-8"?>
<!-- Generated by org.testng.reporters.JUnitReportReporter -->
<testsuite hostname="LAPTOP-MDDC7LI2" failures="0" tests="1" name="com.pos.testcases.CreateNewCutomer" time="27.415" errors="0" timestamp="2023-10-01T14:32:33 IST" skipped="0">
  <testcase classname="com.pos.testcases.CreateNewCutomer" name="runLogin" time="27.415"/>
  <system-out/>
</testsuite> <!-- com.pos.testcases.CreateNewCutomer -->
