<?xml version="1.0" encoding="UTF-8"?>
<!-- Generated by org.testng.reporters.JUnitReportReporter -->
<testsuite hostname="LAPTOP-MDDC7LI2" failures="0" tests="1" name="com.pos.testcases.EditCustomer" time="75.939" errors="0" timestamp="2023-10-04T16:12:43 IST" skipped="0">
  <testcase classname="com.pos.testcases.EditCustomer" name="runLogin" time="75.939"/>
  <system-out/>
</testsuite> <!-- com.pos.testcases.EditCustomer -->
