<?xml version="1.0" encoding="UTF-8"?>
<!-- Generated by org.testng.reporters.JUnitReportReporter -->
<testsuite hostname="LAPTOP-MDDC7LI2" failures="0" tests="1" name="com.pos.testcases.CreateNewProduct" time="31.637" errors="0" timestamp="2023-10-01T14:32:33 IST" skipped="0">
  <testcase classname="com.pos.testcases.CreateNewProduct" name="runLogin" time="31.637"/>
  <system-out/>
</testsuite> <!-- com.pos.testcases.CreateNewProduct -->
